<?xml version="1.0" encoding="UTF-8"?>
<testng-results ignored="0" total="1" passed="1" failed="0" skipped="0">
  <reporter-output>
  </reporter-output>
  <suite started-at="2024-02-15T20:25:37 IST" name="Suite" finished-at="2024-02-15T20:25:42 IST" duration-ms="4308">
    <groups>
    </groups>
    <test started-at="2024-02-15T20:25:37 IST" name="RegressionTestCase" finished-at="2024-02-15T20:25:42 IST" duration-ms="4308">
      <class name="com.saucelab.TestCases.RegressionTestCase">
        <test-method is-config="true" signature="setUp()[pri:0, instance:com.saucelab.TestCases.RegressionTestCase@793f29ff]" started-at="2024-02-15T20:25:37 IST" name="setUp" finished-at="2024-02-15T20:25:40 IST" duration-ms="2442" status="PASS">
          <reporter-output>
          </reporter-output>
        </test-method> <!-- setUp -->
        <test-method signature="TestCase()[pri:0, instance:com.saucelab.TestCases.RegressionTestCase@793f29ff]" started-at="2024-02-15T20:25:40 IST" name="TestCase" finished-at="2024-02-15T20:25:41 IST" duration-ms="1565" status="PASS">
          <reporter-output>
          </reporter-output>
        </test-method> <!-- TestCase -->
        <test-method is-config="true" signature="tearDown()[pri:0, instance:com.saucelab.TestCases.RegressionTestCase@793f29ff]" started-at="2024-02-15T20:25:41 IST" name="tearDown" finished-at="2024-02-15T20:25:42 IST" duration-ms="106" status="PASS">
          <reporter-output>
          </reporter-output>
        </test-method> <!-- tearDown -->
      </class> <!-- com.saucelab.TestCases.RegressionTestCase -->
    </test> <!-- RegressionTestCase -->
  </suite> <!-- Suite -->
</testng-results>
